Small Energy Weapon adding with meta level  0  is finished!
Medium Energy Weapon adding with meta level  0  is finished!
Large Energy Weapon adding with meta level  0  is finished!
Small Energy Weapon adding with meta level  1  is finished!
Medium Energy Weapon adding with meta level  1  is finished!
Large Energy Weapon adding with meta level  1  is finished!
Small Energy Weapon adding with meta level  2  is finished!
Medium Energy Weapon adding with meta level  2  is finished!
Large Energy Weapon adding with meta level  2  is finished!
Small Energy Weapon adding with meta level  3  is finished!
Medium Energy Weapon adding with meta level  3  is finished!
Large Energy Weapon adding with meta level  3  is finished!
Small Energy Weapon adding with meta level  4  is finished!
Medium Energy Weapon adding with meta level  4  is finished!
Large Energy Weapon adding with meta level  4  is finished!
Small Projectile Weapon adding with meta level  0  is finished!
Medium Projectile Weapon adding with meta level  0  is finished!
Large Projectile Weapon adding with meta level  0  is finished!
Small Projectile Weapon adding with meta level  1  is finished!
Medium Projectile Weapon adding with meta level  1  is finished!
Large Projectile Weapon adding with meta level  1  is finished!
Small Projectile Weapon adding with meta level  2  is finished!
Medium Projectile Weapon adding with meta level  2  is finished!
Large Projectile Weapon adding with meta level  2  is finished!
Small Projectile Weapon adding with meta level  3  is finished!
Medium Projectile Weapon adding with meta level  3  is finished!
Large Projectile Weapon adding with meta level  3  is finished!
Small Projectile Weapon adding with meta level  4  is finished!
Medium Projectile Weapon adding with meta level  4  is finished!
Large Projectile Weapon adding with meta level  4  is finished!
Small Hybrid Weapon adding with meta level  0  is finished!
Medium Hybrid Weapon adding with meta level  0  is finished!
Large Hybrid Weapon adding with meta level  0  is finished!
Small Hybrid Weapon adding with meta level  1  is finished!
Medium Hybrid Weapon adding with meta level  1  is finished!
Large Hybrid Weapon adding with meta level  1  is finished!
Small Hybrid Weapon adding with meta level  2  is finished!
Medium Hybrid Weapon adding with meta level  2  is finished!
Large Hybrid Weapon adding with meta level  2  is finished!
Small Hybrid Weapon adding with meta level  3  is finished!
Medium Hybrid Weapon adding with meta level  3  is finished!
Large Hybrid Weapon adding with meta level  3  is finished!
Small Hybrid Weapon adding with meta level  4  is finished!
Medium Hybrid Weapon adding with meta level  4  is finished!
Large Hybrid Weapon adding with meta level  4  is finished!
Small Shield Extender adding with meta level  0  is finished!
Medium Shield Extender adding with meta level  0  is finished!
Large Shield Extender adding with meta level  0  is finished!
Small Shield Extender adding with meta level  1  is finished!
Medium Shield Extender adding with meta level  1  is finished!
Large Shield Extender adding with meta level  1  is finished!
Small Shield Extender adding with meta level  2  is finished!
Medium Shield Extender adding with meta level  2  is finished!
Large Shield Extender adding with meta level  2  is finished!
Small Shield Extender adding with meta level  3  is finished!
Medium Shield Extender adding with meta level  3  is finished!
Large Shield Extender adding with meta level  3  is finished!
Small Shield Extender adding with meta level  4  is finished!
Medium Shield Extender adding with meta level  4  is finished!
Large Shield Extender adding with meta level  4  is finished!
Small Shield Booster adding with meta level  0  is finished!
Medium Shield Booster adding with meta level  0  is finished!
Large Shield Booster adding with meta level  0  is finished!
Small Shield Booster adding with meta level  1  is finished!
Medium Shield Booster adding with meta level  1  is finished!
Large Shield Booster adding with meta level  1  is finished!
Small Shield Booster adding with meta level  2  is finished!
Medium Shield Booster adding with meta level  2  is finished!
Large Shield Booster adding with meta level  2  is finished!
Small Shield Booster adding with meta level  3  is finished!
Medium Shield Booster adding with meta level  3  is finished!
Large Shield Booster adding with meta level  3  is finished!
Small Shield Booster adding with meta level  4  is finished!
Medium Shield Booster adding with meta level  4  is finished!
Large Shield Booster adding with meta level  4  is finished!
Small Armor Repairer adding with meta level  0  is finished!
Medium Armor Repairer adding with meta level  0  is finished!
Large Armor Repairer adding with meta level  0  is finished!
Small Armor Repairer adding with meta level  1  is finished!
Medium Armor Repairer adding with meta level  1  is finished!
Large Armor Repairer adding with meta level  1  is finished!
Small Armor Repairer adding with meta level  2  is finished!
Medium Armor Repairer adding with meta level  2  is finished!
Large Armor Repairer adding with meta level  2  is finished!
Small Armor Repairer adding with meta level  3  is finished!
Medium Armor Repairer adding with meta level  3  is finished!
Large Armor Repairer adding with meta level  3  is finished!
Small Armor Repairer adding with meta level  4  is finished!
Medium Armor Repairer adding with meta level  4  is finished!
Large Armor Repairer adding with meta level  4  is finished!
Small Hull Repairer adding with meta level  0  is finished!
Medium Hull Repairer adding with meta level  0  is finished!
Large Hull Repairer adding with meta level  0  is finished!
Small Hull Repairer adding with meta level  1  is finished!
Medium Hull Repairer adding with meta level  1  is finished!
Large Hull Repairer adding with meta level  1  is finished!
Small Hull Repairer adding with meta level  2  is finished!
Medium Hull Repairer adding with meta level  2  is finished!
Large Hull Repairer adding with meta level  2  is finished!
Small Hull Repairer adding with meta level  3  is finished!
Medium Hull Repairer adding with meta level  3  is finished!
Large Hull Repairer adding with meta level  3  is finished!
Small Hull Repairer adding with meta level  4  is finished!
Medium Hull Repairer adding with meta level  4  is finished!
Large Hull Repairer adding with meta level  4  is finished!
Small Armor Plate adding with meta level  0  is finished!
Medium Armor Plate adding with meta level  0  is finished!
Large Armor Plate adding with meta level  0  is finished!
Small Armor Plate adding with meta level  1  is finished!
Medium Armor Plate adding with meta level  1  is finished!
Large Armor Plate adding with meta level  1  is finished!
Small Armor Plate adding with meta level  2  is finished!
Medium Armor Plate adding with meta level  2  is finished!
Large Armor Plate adding with meta level  2  is finished!
Small Armor Plate adding with meta level  3  is finished!
Medium Armor Plate adding with meta level  3  is finished!
Large Armor Plate adding with meta level  3  is finished!
Small Armor Plate adding with meta level  4  is finished!
Medium Armor Plate adding with meta level  4  is finished!
Large Armor Plate adding with meta level  4  is finished!
Rocket Launcher adding with meta level  0  is finished!
Rocket Launcher adding with meta level  1  is finished!
Rocket Launcher adding with meta level  2  is finished!
Rocket Launcher adding with meta level  3  is finished!
Rocket Launcher adding with meta level  4  is finished!
Light Missile Launcher adding with meta level  0  is finished!
Light Missile Launcher adding with meta level  1  is finished!
Light Missile Launcher adding with meta level  2  is finished!
Light Missile Launcher adding with meta level  3  is finished!
Light Missile Launcher adding with meta level  4  is finished!
Rapid Light Missile Launcher adding with meta level  0  is finished!
Rapid Light Missile Launcher adding with meta level  1  is finished!
Rapid Light Missile Launcher adding with meta level  2  is finished!
Rapid Light Missile Launcher adding with meta level  3  is finished!
Rapid Light Missile Launcher adding with meta level  4  is finished!
Heavy Missile Launcher adding with meta level  0  is finished!
Heavy Missile Launcher adding with meta level  1  is finished!
Heavy Missile Launcher adding with meta level  2  is finished!
Heavy Missile Launcher adding with meta level  3  is finished!
Heavy Missile Launcher adding with meta level  4  is finished!
Heavy Assault Missile Launcher adding with meta level  0  is finished!
Heavy Assault Missile Launcher adding with meta level  1  is finished!
Heavy Assault Missile Launcher adding with meta level  2  is finished!
Heavy Assault Missile Launcher adding with meta level  3  is finished!
Heavy Assault Missile Launcher adding with meta level  4  is finished!
Cruise Missile Launcher adding with meta level  0  is finished!
Cruise Missile Launcher adding with meta level  1  is finished!
Cruise Missile Launcher adding with meta level  2  is finished!
Cruise Missile Launcher adding with meta level  3  is finished!
Cruise Missile Launcher adding with meta level  4  is finished!
Torpedo Launcher adding with meta level  0  is finished!
Torpedo Launcher adding with meta level  1  is finished!
Torpedo Launcher adding with meta level  2  is finished!
Torpedo Launcher adding with meta level  3  is finished!
Torpedo Launcher adding with meta level  4  is finished!
Micro Shield Extender adding with meta level  0  is finished!
X-Large Shield Booster adding with meta level  0  is finished!
Micro Shield Extender adding with meta level  1  is finished!
X-Large Shield Booster adding with meta level  1  is finished!
Micro Shield Extender adding with meta level  2  is finished!
X-Large Shield Booster adding with meta level  2  is finished!
Micro Shield Extender adding with meta level  3  is finished!
X-Large Shield Booster adding with meta level  3  is finished!
Micro Shield Extender adding with meta level  4  is finished!
X-Large Shield Booster adding with meta level  4  is finished!
Dark Blood Small Energy Weapon adding with meta level  8  is finished!
True Sansha Small Energy Weapon adding with meta level  8  is finished!
Dread Guristas Small Hybrid Weapon adding with meta level  8  is finished!
Shadow Serpentis Small Hybrid Weapon adding with meta level  8  is finished!
Domination Small Projectile Weapon adding with meta level  7  is finished!
Domination Small Armor Repairer adding with meta level  7  is finished!
Dark Blood Small Armor Repairer adding with meta level  9  is finished!
True Sansha Small Armor Repairer adding with meta level  9  is finished!
Shadow Serpentis Small Armor Repairer adding with meta level  8  is finished!
Dark Blood Small Armor Repairer adding with meta level  7  is finished!
True Sansha Small Armor Repairer adding with meta level  7  is finished!
Dark Blood Medium Energy Weapon adding with meta level  8  is finished!
True Sansha Medium Energy Weapon adding with meta level  8  is finished!
Dread Guristas Medium Hybrid Weapon adding with meta level  8  is finished!
Shadow Serpentis Medium Hybrid Weapon adding with meta level  8  is finished!
Domination Medium Projectile Weapon adding with meta level  7  is finished!
Domination Medium Armor Repairer adding with meta level  7  is finished!
Dark Blood Medium Armor Repairer adding with meta level  9  is finished!
True Sansha Medium Armor Repairer adding with meta level  9  is finished!
Shadow Serpentis Medium Armor Repairer adding with meta level  8  is finished!
Dark Blood Medium Armor Repairer adding with meta level  7  is finished!
True Sansha Medium Armor Repairer adding with meta level  7  is finished!
Dark Blood Large Energy Weapon adding with meta level  8  is finished!
True Sansha Large Energy Weapon adding with meta level  8  is finished!
Dread Guristas Large Hybrid Weapon adding with meta level  8  is finished!
Shadow Serpentis Large Hybrid Weapon adding with meta level  8  is finished!
Domination Large Projectile Weapon adding with meta level  7  is finished!
Domination Large Armor Repairer adding with meta level  7  is finished!
Dark Blood Large Armor Repairer adding with meta level  9  is finished!
True Sansha Large Armor Repairer adding with meta level  9  is finished!
Shadow Serpentis Large Armor Repairer adding with meta level  8  is finished!
Dark Blood Large Armor Repairer adding with meta level  7  is finished!
True Sansha Large Armor Repairer adding with meta level  7  is finished!
Domination Small Shield Booster adding with meta level  8  is finished!
Dread Guristas Small Shield Booster adding with meta level  9  is finished!
Domination Medium Shield Booster adding with meta level  8  is finished!
Dread Guristas Medium Shield Booster adding with meta level  9  is finished!
Domination Large Shield Booster adding with meta level  8  is finished!
Dread Guristas Large Shield Booster adding with meta level  9  is finished!
Domination X-Large Shield Booster adding with meta level  8  is finished!
Dread Guristas X-Large Shield Booster adding with meta level  9  is finished!
Domination Rocket Launcher adding with meta level  7  is finished!
Domination Light Missile Launcher adding with meta level  7  is finished!
Domination Heavy Missile Launcher adding with meta level  7  is finished!
Domination Rapid Light Missile Launcher adding with meta level  7  is finished!
Domination Cruise Missile Launcher adding with meta level  7  is finished!
Domination Torpedo Launcher adding with meta level  7  is finished!
True Sansha Rocket Launcher adding with meta level  7  is finished!
True Sansha Light Missile Launcher adding with meta level  7  is finished!
True Sansha Heavy Missile Launcher adding with meta level  7  is finished!
True Sansha Rapid Light Missile Launcher adding with meta level  7  is finished!
True Sansha Cruise Missile Launcher adding with meta level  7  is finished!
True Sansha Torpedo Launcher adding with meta level  7  is finished!
Dread Guristas Rocket Launcher adding with meta level  8  is finished!
Dread Guristas Light Missile Launcher adding with meta level  8  is finished!
Dread Guristas Heavy Missile Launcher adding with meta level  8  is finished!
Dread Guristas Rapid Light Missile Launcher adding with meta level  8  is finished!
Dread Guristas Cruise Missile Launcher adding with meta level  8  is finished!
Dread Guristas Torpedo Launcher adding with meta level  8  is finished!
Small Energy Weapon group is added to Asteroid Blood Raiders Frigate drop list
Small Energy Weapon group is added to Asteroid Blood Raiders Destroyer drop list
Small Energy Weapon group is added to Asteroid Sansha's Nation Frigate drop list
Small Energy Weapon group is added to Asteroid Sansha's Nation Destroyer drop list
Small Energy Weapon group is added to Asteroid Blood Raiders Commander Frigate drop list
Small Energy Weapon group is added to Asteroid Blood Raiders Commander Destroyer drop list
Small Energy Weapon group is added to Asteroid Sansha's Nation Commander Frigate drop list
Small Energy Weapon group is added to Asteroid Sansha's Nation Commander Destroyer drop list
Medium Energy Weapon group is added to Asteroid Blood Raiders Cruiser drop list
Medium Energy Weapon group is added to Asteroid Blood Raiders BattleCruiser drop list
Medium Energy Weapon group is added to Asteroid Sansha's Nation Cruiser drop list
Medium Energy Weapon group is added to Asteroid Sansha's Nation BattleCruiser drop list
Medium Energy Weapon group is added to Asteroid Blood Raiders Commander Cruiser drop list
Medium Energy Weapon group is added to Asteroid Blood Raiders Commander BattleCruiser drop list
Medium Energy Weapon group is added to Asteroid Sansha's Nation Commander Cruiser drop list
Medium Energy Weapon group is added to Asteroid Sansha's Nation Commander BattleCruiser drop list
Large Energy Weapon group is added to Asteroid Blood Raiders Battleship drop list
Large Energy Weapon group is added to Asteroid Sansha's Nation Battleship drop list
Large Energy Weapon group is added to Asteroid Blood Raiders Commander Battleship drop list
Large Energy Weapon group is added to Asteroid Sansha's Nation Commander Battleship drop list
Small Armor Repairer group is added to Asteroid Blood Raiders Frigate drop list
Small Armor Repairer group is added to Asteroid Blood Raiders Destroyer drop list
Small Armor Repairer group is added to Asteroid Sansha's Nation Frigate drop list
Small Armor Repairer group is added to Asteroid Sansha's Nation Destroyer drop list
Small Armor Repairer group is added to Asteroid Blood Raiders Commander Frigate drop list
Small Armor Repairer group is added to Asteroid Blood Raiders Commander Destroyer drop list
Small Armor Repairer group is added to Asteroid Sansha's Nation Commander Frigate drop list
Small Armor Repairer group is added to Asteroid Sansha's Nation Commander Destroyer drop list
Medium Armor Repairer group is added to Asteroid Blood Raiders Cruiser drop list
Medium Armor Repairer group is added to Asteroid Blood Raiders BattleCruiser drop list
Medium Armor Repairer group is added to Asteroid Sansha's Nation Cruiser drop list
Medium Armor Repairer group is added to Asteroid Sansha's Nation BattleCruiser drop list
Medium Armor Repairer group is added to Asteroid Blood Raiders Commander Cruiser drop list
Medium Armor Repairer group is added to Asteroid Blood Raiders Commander BattleCruiser drop list
Medium Armor Repairer group is added to Asteroid Sansha's Nation Commander Cruiser drop list
Medium Armor Repairer group is added to Asteroid Sansha's Nation Commander BattleCruiser drop list
Large Armor Repairer group is added to Asteroid Blood Raiders Battleship drop list
Large Armor Repairer group is added to Asteroid Sansha's Nation Battleship drop list
Large Armor Repairer group is added to Asteroid Blood Raiders Commander Battleship drop list
Large Armor Repairer group is added to Asteroid Sansha's Nation Commander Battleship drop list
Small Hull Repairer group is added to Asteroid Blood Raiders Frigate drop list
Small Hull Repairer group is added to Asteroid Blood Raiders Destroyer drop list
Small Hull Repairer group is added to Asteroid Sansha's Nation Frigate drop list
Small Hull Repairer group is added to Asteroid Sansha's Nation Destroyer drop list
Small Hull Repairer group is added to Asteroid Blood Raiders Commander Frigate drop list
Small Hull Repairer group is added to Asteroid Blood Raiders Commander Destroyer drop list
Small Hull Repairer group is added to Asteroid Sansha's Nation Commander Frigate drop list
Small Hull Repairer group is added to Asteroid Sansha's Nation Commander Destroyer drop list
Medium Hull Repairer group is added to Asteroid Blood Raiders Cruiser drop list
Medium Hull Repairer group is added to Asteroid Blood Raiders BattleCruiser drop list
Medium Hull Repairer group is added to Asteroid Sansha's Nation Cruiser drop list
Medium Hull Repairer group is added to Asteroid Sansha's Nation BattleCruiser drop list
Medium Hull Repairer group is added to Asteroid Blood Raiders Commander Cruiser drop list
Medium Hull Repairer group is added to Asteroid Blood Raiders Commander BattleCruiser drop list
Medium Hull Repairer group is added to Asteroid Sansha's Nation Commander Cruiser drop list
Medium Hull Repairer group is added to Asteroid Sansha's Nation Commander BattleCruiser drop list
Large Hull Repairer group is added to Asteroid Blood Raiders Battleship drop list
Large Hull Repairer group is added to Asteroid Sansha's Nation Battleship drop list
Large Hull Repairer group is added to Asteroid Blood Raiders Commander Battleship drop list
Large Hull Repairer group is added to Asteroid Sansha's Nation Commander Battleship drop list
Small Armor Plate group is added to Asteroid Blood Raiders Frigate drop list
Small Armor Plate group is added to Asteroid Blood Raiders Destroyer drop list
Small Armor Plate group is added to Asteroid Sansha's Nation Frigate drop list
Small Armor Plate group is added to Asteroid Sansha's Nation Destroyer drop list
Small Armor Plate group is added to Asteroid Blood Raiders Commander Frigate drop list
Small Armor Plate group is added to Asteroid Blood Raiders Commander Destroyer drop list
Small Armor Plate group is added to Asteroid Sansha's Nation Commander Frigate drop list
Small Armor Plate group is added to Asteroid Sansha's Nation Commander Destroyer drop list
Medium Armor Plate group is added to Asteroid Blood Raiders Cruiser drop list
Medium Armor Plate group is added to Asteroid Blood Raiders BattleCruiser drop list
Medium Armor Plate group is added to Asteroid Sansha's Nation Cruiser drop list
Medium Armor Plate group is added to Asteroid Sansha's Nation BattleCruiser drop list
Medium Armor Plate group is added to Asteroid Blood Raiders Commander Cruiser drop list
Medium Armor Plate group is added to Asteroid Blood Raiders Commander BattleCruiser drop list
Medium Armor Plate group is added to Asteroid Sansha's Nation Commander Cruiser drop list
Medium Armor Plate group is added to Asteroid Sansha's Nation Commander BattleCruiser drop list
Large Armor Plate group is added to Asteroid Blood Raiders Battleship drop list
Large Armor Plate group is added to Asteroid Sansha's Nation Battleship drop list
Large Armor Plate group is added to Asteroid Blood Raiders Commander Battleship drop list
Large Armor Plate group is added to Asteroid Sansha's Nation Commander Battleship drop list
Small Hybrid Weapon group is added to Asteroid Serpentis Frigate drop list
Small Hybrid Weapon group is added to Asteroid Serpentis Destroyer drop list
Small Hybrid Weapon group is added to Asteroid Serpentis Commander Frigate drop list
Small Hybrid Weapon group is added to Asteroid Serpentis Commander Destroyer drop list
Medium Hybrid Weapon group is added to Asteroid Serpentis Cruiser drop list
Medium Hybrid Weapon group is added to Asteroid Serpentis BattleCruiser drop list
Medium Hybrid Weapon group is added to Asteroid Serpentis Commander Cruiser drop list
Medium Hybrid Weapon group is added to Asteroid Serpentis Commander BattleCruiser drop list
Large Hybrid Weapon group is added to Asteroid Serpentis Battleship drop list
Large Hybrid Weapon group is added to Asteroid Serpentis Commander Battleship drop list
Small Armor Repairer group is added to Asteroid Serpentis Frigate drop list
Small Armor Repairer group is added to Asteroid Serpentis Destroyer drop list
Small Armor Repairer group is added to Asteroid Serpentis Commander Frigate drop list
Small Armor Repairer group is added to Asteroid Serpentis Commander Destroyer drop list
Medium Armor Repairer group is added to Asteroid Serpentis Cruiser drop list
Medium Armor Repairer group is added to Asteroid Serpentis BattleCruiser drop list
Medium Armor Repairer group is added to Asteroid Serpentis Commander Cruiser drop list
Medium Armor Repairer group is added to Asteroid Serpentis Commander BattleCruiser drop list
Large Armor Repairer group is added to Asteroid Serpentis Battleship drop list
Large Armor Repairer group is added to Asteroid Serpentis Commander Battleship drop list
Small Hull Repairer group is added to Asteroid Serpentis Frigate drop list
Small Hull Repairer group is added to Asteroid Serpentis Destroyer drop list
Small Hull Repairer group is added to Asteroid Serpentis Commander Frigate drop list
Small Hull Repairer group is added to Asteroid Serpentis Commander Destroyer drop list
Medium Hull Repairer group is added to Asteroid Serpentis Cruiser drop list
Medium Hull Repairer group is added to Asteroid Serpentis BattleCruiser drop list
Medium Hull Repairer group is added to Asteroid Serpentis Commander Cruiser drop list
Medium Hull Repairer group is added to Asteroid Serpentis Commander BattleCruiser drop list
Large Hull Repairer group is added to Asteroid Serpentis Battleship drop list
Large Hull Repairer group is added to Asteroid Serpentis Commander Battleship drop list
Small Armor Plate group is added to Asteroid Serpentis Frigate drop list
Small Armor Plate group is added to Asteroid Serpentis Destroyer drop list
Small Armor Plate group is added to Asteroid Serpentis Commander Frigate drop list
Small Armor Plate group is added to Asteroid Serpentis Commander Destroyer drop list
Medium Armor Plate group is added to Asteroid Serpentis Cruiser drop list
Medium Armor Plate group is added to Asteroid Serpentis BattleCruiser drop list
Medium Armor Plate group is added to Asteroid Serpentis Commander Cruiser drop list
Medium Armor Plate group is added to Asteroid Serpentis Commander BattleCruiser drop list
Large Armor Plate group is added to Asteroid Serpentis Battleship drop list
Large Armor Plate group is added to Asteroid Serpentis Commander Battleship drop list
Small Hybrid Weapon group is added to Asteroid Guristas Frigate drop list
Small Hybrid Weapon group is added to Asteroid Guristas Destroyer drop list
Small Hybrid Weapon group is added to Asteroid Guristas Commander Frigate drop list
Small Hybrid Weapon group is added to Asteroid Guristas Commander Destroyer drop list
Medium Hybrid Weapon group is added to Asteroid Guristas Cruiser drop list
Medium Hybrid Weapon group is added to Asteroid Guristas BattleCruiser drop list
Medium Hybrid Weapon group is added to Asteroid Guristas Commander Cruiser drop list
Medium Hybrid Weapon group is added to Asteroid Guristas Commander BattleCruiser drop list
Large Hybrid Weapon group is added to Asteroid Guristas Battleship drop list
Large Hybrid Weapon group is added to Asteroid Guristas Commander Battleship drop list
Small Shield Extender group is added to Asteroid Guristas Frigate drop list
Small Shield Extender group is added to Asteroid Guristas Destroyer drop list
Small Shield Extender group is added to Asteroid Guristas Commander Frigate drop list
Small Shield Extender group is added to Asteroid Guristas Commander Destroyer drop list
Medium Shield Extender group is added to Asteroid Guristas Cruiser drop list
Medium Shield Extender group is added to Asteroid Guristas BattleCruiser drop list
Medium Shield Extender group is added to Asteroid Guristas Commander Cruiser drop list
Medium Shield Extender group is added to Asteroid Guristas Commander BattleCruiser drop list
Large Shield Extender group is added to Asteroid Guristas Battleship drop list
Large Shield Extender group is added to Asteroid Guristas Commander Battleship drop list
Small Shield Booster group is added to Asteroid Guristas Frigate drop list
Small Shield Booster group is added to Asteroid Guristas Destroyer drop list
Small Shield Booster group is added to Asteroid Guristas Commander Frigate drop list
Small Shield Booster group is added to Asteroid Guristas Commander Destroyer drop list
Medium Shield Booster group is added to Asteroid Guristas Cruiser drop list
Medium Shield Booster group is added to Asteroid Guristas BattleCruiser drop list
Medium Shield Booster group is added to Asteroid Guristas Commander Cruiser drop list
Medium Shield Booster group is added to Asteroid Guristas Commander BattleCruiser drop list
Large Shield Booster group is added to Asteroid Guristas Battleship drop list
Large Shield Booster group is added to Asteroid Guristas Commander Battleship drop list
Rocket Launcher group is added to Asteroid Guristas Frigate drop list
Rocket Launcher group is added to Asteroid Guristas Destroyer drop list
Rocket Launcher group is added to Asteroid Guristas Commander Frigate drop list
Rocket Launcher group is added to Asteroid Guristas Commander Destroyer drop list
Light Missile Launcher group is added to Asteroid Guristas Frigate drop list
Light Missile Launcher group is added to Asteroid Guristas Destroyer drop list
Light Missile Launcher group is added to Asteroid Guristas Commander Frigate drop list
Light Missile Launcher group is added to Asteroid Guristas Commander Destroyer drop list
Heavy Missile Launcher group is added to Asteroid Guristas Cruiser drop list
Heavy Missile Launcher group is added to Asteroid Guristas BattleCruiser drop list
Heavy Missile Launcher group is added to Asteroid Guristas Commander Cruiser drop list
Heavy Missile Launcher group is added to Asteroid Guristas Commander BattleCruiser drop list
Rapid Light Missile Launcher group is added to Asteroid Guristas Cruiser drop list
Rapid Light Missile Launcher group is added to Asteroid Guristas BattleCruiser drop list
Rapid Light Missile Launcher group is added to Asteroid Guristas Commander Cruiser drop list
Rapid Light Missile Launcher group is added to Asteroid Guristas Commander BattleCruiser drop list
Heavy Assault Missile Launcher group is added to Asteroid Guristas Cruiser drop list
Heavy Assault Missile Launcher group is added to Asteroid Guristas BattleCruiser drop list
Heavy Assault Missile Launcher group is added to Asteroid Guristas Commander Cruiser drop list
Heavy Assault Missile Launcher group is added to Asteroid Guristas Commander BattleCruiser drop list
Cruise Missile Launcher group is added to Asteroid Guristas Battleship drop list
Cruise Missile Launcher group is added to Asteroid Guristas Commander Battleship drop list
Torpedo Launcher group is added to Asteroid Guristas Battleship drop list
Torpedo Launcher group is added to Asteroid Guristas Commander Battleship drop list
Micro Shield Extender group is added to Asteroid Guristas Frigate drop list
Micro Shield Extender group is added to Asteroid Guristas Commander Frigate drop list
X-Large Shield Booster group is added to Asteroid Guristas Battleship drop list
X-Large Shield Booster group is added to Asteroid Guristas Commander Battleship drop list
Small Projectile Weapon group is added to Asteroid Angel Cartel Frigate drop list
Small Projectile Weapon group is added to Asteroid Angel Cartel Destroyer drop list
Small Projectile Weapon group is added to Asteroid Angel Cartel Commander Frigate drop list
Small Projectile Weapon group is added to Asteroid Angel Cartel Commander Destroyer drop list
Medium Projectile Weapon group is added to Asteroid Angel Cartel Cruiser drop list
Medium Projectile Weapon group is added to Asteroid Angel Cartel BattleCruiser drop list
Medium Projectile Weapon group is added to Asteroid Angel Cartel Commander Cruiser drop list
Medium Projectile Weapon group is added to Asteroid Angel Cartel Commander BattleCruiser drop list
Large Projectile Weapon group is added to Asteroid Angel Cartel Battleship drop list
Large Projectile Weapon group is added to Asteroid Angel Cartel Commander Battleship drop list
Small Shield Extender group is added to Asteroid Angel Cartel Frigate drop list
Small Shield Extender group is added to Asteroid Angel Cartel Destroyer drop list
Small Shield Extender group is added to Asteroid Angel Cartel Commander Frigate drop list
Small Shield Extender group is added to Asteroid Angel Cartel Commander Destroyer drop list
Medium Shield Extender group is added to Asteroid Angel Cartel Cruiser drop list
Medium Shield Extender group is added to Asteroid Angel Cartel BattleCruiser drop list
Medium Shield Extender group is added to Asteroid Angel Cartel Commander Cruiser drop list
Medium Shield Extender group is added to Asteroid Angel Cartel Commander BattleCruiser drop list
Large Shield Extender group is added to Asteroid Angel Cartel Battleship drop list
Large Shield Extender group is added to Asteroid Angel Cartel Commander Battleship drop list
Small Shield Booster group is added to Asteroid Angel Cartel Frigate drop list
Small Shield Booster group is added to Asteroid Angel Cartel Destroyer drop list
Small Shield Booster group is added to Asteroid Angel Cartel Commander Frigate drop list
Small Shield Booster group is added to Asteroid Angel Cartel Commander Destroyer drop list
Medium Shield Booster group is added to Asteroid Angel Cartel Cruiser drop list
Medium Shield Booster group is added to Asteroid Angel Cartel BattleCruiser drop list
Medium Shield Booster group is added to Asteroid Angel Cartel Commander Cruiser drop list
Medium Shield Booster group is added to Asteroid Angel Cartel Commander BattleCruiser drop list
Large Shield Booster group is added to Asteroid Angel Cartel Battleship drop list
Large Shield Booster group is added to Asteroid Angel Cartel Commander Battleship drop list
Rocket Launcher group is added to Asteroid Angel Cartel Frigate drop list
Rocket Launcher group is added to Asteroid Angel Cartel Destroyer drop list
Rocket Launcher group is added to Asteroid Angel Cartel Commander Frigate drop list
Rocket Launcher group is added to Asteroid Angel Cartel Commander Destroyer drop list
Light Missile Launcher group is added to Asteroid Angel Cartel Frigate drop list
Light Missile Launcher group is added to Asteroid Angel Cartel Destroyer drop list
Light Missile Launcher group is added to Asteroid Angel Cartel Commander Frigate drop list
Light Missile Launcher group is added to Asteroid Angel Cartel Commander Destroyer drop list
Heavy Missile Launcher group is added to Asteroid Angel Cartel Cruiser drop list
Heavy Missile Launcher group is added to Asteroid Angel Cartel BattleCruiser drop list
Heavy Missile Launcher group is added to Asteroid Angel Cartel Commander Cruiser drop list
Heavy Missile Launcher group is added to Asteroid Angel Cartel Commander BattleCruiser drop list
Rapid Light Missile Launcher group is added to Asteroid Angel Cartel Cruiser drop list
Rapid Light Missile Launcher group is added to Asteroid Angel Cartel BattleCruiser drop list
Rapid Light Missile Launcher group is added to Asteroid Angel Cartel Commander Cruiser drop list
Rapid Light Missile Launcher group is added to Asteroid Angel Cartel Commander BattleCruiser drop list
Heavy Assault Missile Launcher group is added to Asteroid Angel Cartel Cruiser drop list
Heavy Assault Missile Launcher group is added to Asteroid Angel Cartel BattleCruiser drop list
Heavy Assault Missile Launcher group is added to Asteroid Angel Cartel Commander Cruiser drop list
Heavy Assault Missile Launcher group is added to Asteroid Angel Cartel Commander BattleCruiser drop list
Cruise Missile Launcher group is added to Asteroid Angel Cartel Battleship drop list
Cruise Missile Launcher group is added to Asteroid Angel Cartel Commander Battleship drop list
Torpedo Launcher group is added to Asteroid Angel Cartel Battleship drop list
Torpedo Launcher group is added to Asteroid Angel Cartel Commander Battleship drop list
Micro Shield Extender group is added to Asteroid Angel Cartel Frigate drop list
Micro Shield Extender group is added to Asteroid Angel Cartel Commander Frigate drop list
X-Large Shield Booster group is added to Asteroid Angel Cartel Battleship drop list
X-Large Shield Booster group is added to Asteroid Angel Cartel Commander Battleship drop list
Domination Small Projectile Weapon group is added to Asteroid Angel Cartel Commander Frigate drop list
Domination Small Armor Repairer group is added to Asteroid Angel Cartel Commander Frigate drop list
Domination Small Shield Booster group is added to Asteroid Angel Cartel Commander Frigate drop list
Domination Small Projectile Weapon group is added to Asteroid Angel Cartel Commander Destroyer drop list
Domination Small Armor Repairer group is added to Asteroid Angel Cartel Commander Destroyer drop list
Domination Small Shield Booster group is added to Asteroid Angel Cartel Commander Destroyer drop list
Domination Medium Projectile Weapon group is added to Asteroid Angel Cartel Commander Cruiser drop list
Domination Medium Armor Repairer group is added to Asteroid Angel Cartel Commander Cruiser drop list
Domination Medium Shield Booster group is added to Asteroid Angel Cartel Commander Cruiser drop list
Domination Medium Projectile Weapon group is added to Asteroid Angel Cartel Commander BattleCruiser drop list
Domination Medium Armor Repairer group is added to Asteroid Angel Cartel Commander BattleCruiser drop list
Domination Medium Shield Booster group is added to Asteroid Angel Cartel Commander BattleCruiser drop list
Domination Large Projectile Weapon group is added to Asteroid Angel Cartel Commander Battleship drop list
Domination Large Armor Repairer group is added to Asteroid Angel Cartel Commander Battleship drop list
Domination Large Shield Booster group is added to Asteroid Angel Cartel Commander Battleship drop list
Domination X-Large Shield Booster group is added to Asteroid Angel Cartel Commander Battleship drop list
Domination Rocket Launcher group is added to Asteroid Angel Cartel Commander Frigate drop list
Domination Rocket Launcher group is added to Asteroid Angel Cartel Commander Destroyer drop list
Domination Light Missile Launcher group is added to Asteroid Angel Cartel Commander Frigate drop list
Domination Light Missile Launcher group is added to Asteroid Angel Cartel Commander Destroyer drop list
Domination Heavy Missile Launcher group is added to Asteroid Angel Cartel Commander Cruiser drop list
Domination Heavy Missile Launcher group is added to Asteroid Angel Cartel Commander BattleCruiser drop list
Domination Rapid Light Missile Launcher group is added to Asteroid Angel Cartel Commander Cruiser drop list
Domination Rapid Light Missile Launcher group is added to Asteroid Angel Cartel Commander BattleCruiser drop list
Domination Cruise Missile Launcher group is added to Asteroid Angel Cartel Commander Battleship drop list
Domination Torpedo Launcher group is added to Asteroid Angel Cartel Commander Battleship drop list
Dark Blood Small Energy Weapon group is added to Asteroid Blood Raiders Commander Frigate drop list
Dark Blood Small Armor Repairer group is added to Asteroid Blood Raiders Commander Frigate drop list
Dark Blood Small Energy Weapon group is added to Asteroid Blood Raiders Commander Destroyer drop list
Dark Blood Small Armor Repairer group is added to Asteroid Blood Raiders Commander Destroyer drop list
Dark Blood Medium Energy Weapon group is added to Asteroid Blood Raiders Commander Cruiser drop list
Dark Blood Medium Armor Repairer group is added to Asteroid Blood Raiders Commander Cruiser drop list
Dark Blood Medium Energy Weapon group is added to Asteroid Blood Raiders Commander BattleCruiser drop list
Dark Blood Medium Armor Repairer group is added to Asteroid Blood Raiders Commander BattleCruiser drop list
Dark Blood Large Energy Weapon group is added to Asteroid Blood Raiders Commander Battleship drop list
Dark Blood Large Armor Repairer group is added to Asteroid Blood Raiders Commander Battleship drop list
True Sansha Small Energy Weapon group is added to Asteroid Sansha's Nation Commander Frigate drop list
True Sansha Small Armor Repairer group is added to Asteroid Sansha's Nation Commander Frigate drop list
True Sansha Small Energy Weapon group is added to Asteroid Sansha's Nation Commander Destroyer drop list
True Sansha Small Armor Repairer group is added to Asteroid Sansha's Nation Commander Destroyer drop list
True Sansha Medium Energy Weapon group is added to Asteroid Sansha's Nation Commander Cruiser drop list
True Sansha Medium Armor Repairer group is added to Asteroid Sansha's Nation Commander Cruiser drop list
True Sansha Medium Energy Weapon group is added to Asteroid Sansha's Nation Commander BattleCruiser drop list
True Sansha Medium Armor Repairer group is added to Asteroid Sansha's Nation Commander BattleCruiser drop list
True Sansha Large Energy Weapon group is added to Asteroid Sansha's Nation Commander Battleship drop list
True Sansha Large Armor Repairer group is added to Asteroid Sansha's Nation Commander Battleship drop list
True Sansha Rocket Launcher group is added to Asteroid Sansha's Nation Commander Frigate drop list
True Sansha Rocket Launcher group is added to Asteroid Sansha's Nation Commander Destroyer drop list
True Sansha Light Missile Launcher group is added to Asteroid Sansha's Nation Commander Frigate drop list
True Sansha Light Missile Launcher group is added to Asteroid Sansha's Nation Commander Destroyer drop list
True Sansha Heavy Missile Launcher group is added to Asteroid Sansha's Nation Commander Cruiser drop list
True Sansha Heavy Missile Launcher group is added to Asteroid Sansha's Nation Commander BattleCruiser drop list
True Sansha Rapid Light Missile Launcher group is added to Asteroid Sansha's Nation Commander Cruiser drop list
True Sansha Rapid Light Missile Launcher group is added to Asteroid Sansha's Nation Commander BattleCruiser drop list
True Sansha Cruise Missile Launcher group is added to Asteroid Sansha's Nation Commander Battleship drop list
True Sansha Torpedo Launcher group is added to Asteroid Sansha's Nation Commander Battleship drop list
Dread Guristas Small Hybrid Weapon group is added to Asteroid Guristas Commander Frigate drop list
Dread Guristas Small Shield Booster group is added to Asteroid Guristas Commander Frigate drop list
Dread Guristas Small Hybrid Weapon group is added to Asteroid Guristas Commander Destroyer drop list
Dread Guristas Small Shield Booster group is added to Asteroid Guristas Commander Destroyer drop list
Dread Guristas Medium Hybrid Weapon group is added to Asteroid Guristas Commander Cruiser drop list
Dread Guristas Medium Shield Booster group is added to Asteroid Guristas Commander Cruiser drop list
Dread Guristas Medium Hybrid Weapon group is added to Asteroid Guristas Commander BattleCruiser drop list
Dread Guristas Medium Shield Booster group is added to Asteroid Guristas Commander BattleCruiser drop list
Dread Guristas Large Hybrid Weapon group is added to Asteroid Guristas Commander Battleship drop list
Dread Guristas Large Shield Booster group is added to Asteroid Guristas Commander Battleship drop list
Dread Guristas X-Large Shield Booster group is added to Asteroid Guristas Commander Battleship drop list
Dread Guristas Rocket Launcher group is added to Asteroid Guristas Commander Frigate drop list
Dread Guristas Rocket Launcher group is added to Asteroid Guristas Commander Destroyer drop list
Dread Guristas Light Missile Launcher group is added to Asteroid Guristas Commander Frigate drop list
Dread Guristas Light Missile Launcher group is added to Asteroid Guristas Commander Destroyer drop list
Dread Guristas Heavy Missile Launcher group is added to Asteroid Guristas Commander Cruiser drop list
Dread Guristas Heavy Missile Launcher group is added to Asteroid Guristas Commander BattleCruiser drop list
Dread Guristas Rapid Light Missile Launcher group is added to Asteroid Guristas Commander Cruiser drop list
Dread Guristas Rapid Light Missile Launcher group is added to Asteroid Guristas Commander BattleCruiser drop list
Dread Guristas Cruise Missile Launcher group is added to Asteroid Guristas Commander Battleship drop list
Dread Guristas Torpedo Launcher group is added to Asteroid Guristas Commander Battleship drop list
Shadow Serpentis Small Hybrid Weapon group is added to Asteroid Serpentis Commander Frigate drop list
Shadow Serpentis Small Armor Repairer group is added to Asteroid Serpentis Commander Frigate drop list
Shadow Serpentis Small Hybrid Weapon group is added to Asteroid Serpentis Commander Destroyer drop list
Shadow Serpentis Small Armor Repairer group is added to Asteroid Serpentis Commander Destroyer drop list
Shadow Serpentis Medium Hybrid Weapon group is added to Asteroid Serpentis Commander Cruiser drop list
Shadow Serpentis Medium Armor Repairer group is added to Asteroid Serpentis Commander Cruiser drop list
Shadow Serpentis Medium Hybrid Weapon group is added to Asteroid Serpentis Commander BattleCruiser drop list
Shadow Serpentis Medium Armor Repairer group is added to Asteroid Serpentis Commander BattleCruiser drop list
Shadow Serpentis Large Hybrid Weapon group is added to Asteroid Serpentis Commander Battleship drop list
Shadow Serpentis Large Armor Repairer group is added to Asteroid Serpentis Commander Battleship drop list
--- Script executed in  4.174 seconds ---
